app/build/intermediates/manifest_merge_blame_file/debug/manifest-merger-blame-debug-report.txt
1<?xml version="1.0" encoding="utf-8"?>
2<manifest xmlns:android="http://schemas.android.com/apk/res/android"
3    package="ec.edu.insta.movilgc1"
4    android:versionCode="1"
5    android:versionName="1.0" >
6
7    <uses-sdk
8        android:minSdkVersion="21"
8-->src\main\AndroidManifest.xml
9        android:targetSdkVersion="32" />
9-->src\main\AndroidManifest.xml
10
11    <uses-permission android:name="android.permission.INTERNET" />
11-->src\main\AndroidManifest.xml:5:5-66
11-->src\main\AndroidManifest.xml:5:22-64
12    <uses-permission android:name="android.permission.WAKE_LOCK" />
12-->src\main\AndroidManifest.xml:6:5-67
12-->src\main\AndroidManifest.xml:6:22-65
13
14    <application
14-->src\main\AndroidManifest.xml:8:5-69:19
15        android:allowBackup="true"
15-->src\main\AndroidManifest.xml:9:13-39
16        android:appComponentFactory="androidx.core.app.CoreComponentFactory"
16-->[androidx.core:core:1.8.0] AndroidManifest.xml:24:18-86
17        android:debuggable="true"
18        android:icon="@mipmap/ic_launcher"
18-->src\main\AndroidManifest.xml:10:13-47
19        android:label="@string/app_name"
19-->src\main\AndroidManifest.xml:11:13-45
20        android:roundIcon="@mipmap/ic_launcher_round"
20-->src\main\AndroidManifest.xml:12:13-58
21        android:supportsRtl="true"
21-->src\main\AndroidManifest.xml:13:13-39
22        android:theme="@style/Theme.MOVILGC1"
22-->src\main\AndroidManifest.xml:14:13-50
23        android:usesCleartextTraffic="true" >
23-->src\main\AndroidManifest.xml:15:13-48
24        <activity
24-->src\main\AndroidManifest.xml:17:9-19:42
25            android:name="ec.edu.insta.movilgc1.ui.RegistroPerfilEmpleado"
25-->src\main\AndroidManifest.xml:18:17-58
26            android:exported="true" />
26-->src\main\AndroidManifest.xml:19:17-40
27        <activity
27-->src\main\AndroidManifest.xml:20:9-22:42
28            android:name="ec.edu.insta.movilgc1.ui.employe.DatosOfertasLaborales"
28-->src\main\AndroidManifest.xml:21:17-65
29            android:exported="true" />
29-->src\main\AndroidManifest.xml:22:17-40
30        <activity
30-->src\main\AndroidManifest.xml:24:9-26:42
31            android:name="ec.edu.insta.movilgc1.ui.RegistroEmpleado"
31-->src\main\AndroidManifest.xml:25:17-52
32            android:exported="true" />
32-->src\main\AndroidManifest.xml:26:17-40
33        <activity
33-->src\main\AndroidManifest.xml:27:9-29:42
34            android:name="ec.edu.insta.movilgc1.ui.admin.CurriculumVitae"
34-->src\main\AndroidManifest.xml:28:17-57
35            android:exported="true" />
35-->src\main\AndroidManifest.xml:29:17-40
36        <activity
36-->src\main\AndroidManifest.xml:30:9-32:42
37            android:name="ec.edu.insta.movilgc1.ui.LoginGeneral"
37-->src\main\AndroidManifest.xml:31:17-48
38            android:exported="true" />
38-->src\main\AndroidManifest.xml:32:17-40
39        <activity
39-->src\main\AndroidManifest.xml:33:9-35:42
40            android:name="ec.edu.insta.movilgc1.ui.admin.DatosPerfilEmpresa"
40-->src\main\AndroidManifest.xml:34:17-60
41            android:exported="true" />
41-->src\main\AndroidManifest.xml:35:17-40
42        <activity
42-->src\main\AndroidManifest.xml:36:9-38:42
43            android:name="ec.edu.insta.movilgc1.ui.admin.RazonSocial"
43-->src\main\AndroidManifest.xml:37:17-53
44            android:exported="true" />
44-->src\main\AndroidManifest.xml:38:17-40
45        <activity
45-->src\main\AndroidManifest.xml:39:9-41:42
46            android:name="ec.edu.insta.movilgc1.ui.admin.PerfilEmpresa"
46-->src\main\AndroidManifest.xml:40:17-55
47            android:exported="true" />
47-->src\main\AndroidManifest.xml:41:17-40
48        <activity
48-->src\main\AndroidManifest.xml:42:9-44:42
49            android:name="ec.edu.insta.movilgc1.ui.admin.ConsultarCurriculum"
49-->src\main\AndroidManifest.xml:43:17-61
50            android:exported="true" />
50-->src\main\AndroidManifest.xml:44:17-40
51        <activity
51-->src\main\AndroidManifest.xml:45:9-47:42
52            android:name="ec.edu.insta.movilgc1.ui.employe.OfertasLaborales"
52-->src\main\AndroidManifest.xml:46:17-60
53            android:exported="true" />
53-->src\main\AndroidManifest.xml:47:17-40
54        <activity
54-->src\main\AndroidManifest.xml:48:9-50:42
55            android:name="ec.edu.insta.movilgc1.ui.admin.InicioAdminBusqueda"
55-->src\main\AndroidManifest.xml:49:17-61
56            android:exported="true" />
56-->src\main\AndroidManifest.xml:50:17-40
57        <activity
57-->src\main\AndroidManifest.xml:51:9-53:42
58            android:name="ec.edu.insta.movilgc1.ui.employe.InicioBuscoEmpleo"
58-->src\main\AndroidManifest.xml:52:17-61
59            android:exported="true" />
59-->src\main\AndroidManifest.xml:53:17-40
60        <activity
60-->src\main\AndroidManifest.xml:54:9-56:42
61            android:name="ec.edu.insta.movilgc1.ui.admin.AdminBusqueda"
61-->src\main\AndroidManifest.xml:55:17-55
62            android:exported="true" />
62-->src\main\AndroidManifest.xml:56:17-40
63        <activity
63-->src\main\AndroidManifest.xml:57:9-59:42
64            android:name="ec.edu.insta.movilgc1.ui.employe.InicioCV"
64-->src\main\AndroidManifest.xml:58:17-52
65            android:exported="true" />
65-->src\main\AndroidManifest.xml:59:17-40
66        <activity
66-->src\main\AndroidManifest.xml:60:9-68:20
67            android:name="ec.edu.insta.movilgc1.ui.MainActivity"
67-->src\main\AndroidManifest.xml:61:17-48
68            android:exported="true" >
68-->src\main\AndroidManifest.xml:62:17-40
69            <intent-filter>
69-->src\main\AndroidManifest.xml:63:13-67:29
70                <action android:name="android.intent.action.MAIN" />
70-->src\main\AndroidManifest.xml:64:17-68
70-->src\main\AndroidManifest.xml:64:25-66
71
72                <category android:name="android.intent.category.LAUNCHER" />
72-->src\main\AndroidManifest.xml:66:17-76
72-->src\main\AndroidManifest.xml:66:27-74
73            </intent-filter>
74        </activity>
75
76        <provider
76-->[androidx.emoji2:emoji2:1.2.0] AndroidManifest.xml:24:9-32:20
77            android:name="androidx.startup.InitializationProvider"
77-->[androidx.emoji2:emoji2:1.2.0] AndroidManifest.xml:25:13-67
78            android:authorities="ec.edu.insta.movilgc1.androidx-startup"
78-->[androidx.emoji2:emoji2:1.2.0] AndroidManifest.xml:26:13-68
79            android:exported="false" >
79-->[androidx.emoji2:emoji2:1.2.0] AndroidManifest.xml:27:13-37
80            <meta-data
80-->[androidx.emoji2:emoji2:1.2.0] AndroidManifest.xml:29:13-31:52
81                android:name="androidx.emoji2.text.EmojiCompatInitializer"
81-->[androidx.emoji2:emoji2:1.2.0] AndroidManifest.xml:30:17-75
82                android:value="androidx.startup" />
82-->[androidx.emoji2:emoji2:1.2.0] AndroidManifest.xml:31:17-49
83            <meta-data
83-->[androidx.lifecycle:lifecycle-process:2.4.1] AndroidManifest.xml:31:13-33:52
84                android:name="androidx.lifecycle.ProcessLifecycleInitializer"
84-->[androidx.lifecycle:lifecycle-process:2.4.1] AndroidManifest.xml:32:17-78
85                android:value="androidx.startup" />
85-->[androidx.lifecycle:lifecycle-process:2.4.1] AndroidManifest.xml:33:17-49
86        </provider>
87    </application>
88
89</manifest>